[debug] [2020-10-06T14:59:59.751Z] ----------------------------------------------------------------------
[debug] [2020-10-06T14:59:59.752Z] Command:       /usr/bin/node /usr/bin/firebase serve -p 4000
[debug] [2020-10-06T14:59:59.752Z] CLI Version:   8.9.0
[debug] [2020-10-06T14:59:59.752Z] Platform:      linux
[debug] [2020-10-06T14:59:59.752Z] Node Version:  v14.12.0
[debug] [2020-10-06T14:59:59.753Z] Time:          Tue Oct 06 2020 09:59:59 GMT-0500 (Central Daylight Time)
[debug] [2020-10-06T14:59:59.753Z] ----------------------------------------------------------------------
[debug] [2020-10-06T14:59:59.753Z] 
[debug] [2020-10-06T14:59:59.757Z] > command requires scopes: ["email","openid","https://www.googleapis.com/auth/cloudplatformprojects.readonly","https://www.googleapis.com/auth/firebase","https://www.googleapis.com/auth/cloud-platform"]
[debug] [2020-10-06T14:59:59.757Z] > authorizing via signed-in user
[debug] [2020-10-06T14:59:59.757Z] [iam] checking project seroful for permissions ["firebase.projects.get"]
[debug] [2020-10-06T14:59:59.759Z] >>> HTTP REQUEST POST https://cloudresourcemanager.googleapis.com/v1/projects/seroful:testIamPermissions  
 {"permissions":["firebase.projects.get"]}
[debug] [2020-10-06T14:59:59.987Z] <<< HTTP RESPONSE 200 {"content-type":"application/json; charset=UTF-8","vary":"X-Origin, Referer, Origin,Accept-Encoding","date":"Tue, 06 Oct 2020 15:00:01 GMT","server":"ESF","cache-control":"private","x-xss-protection":"0","x-frame-options":"SAMEORIGIN","x-content-type-options":"nosniff","server-timing":"gfet4t7; dur=74","alt-svc":"h3-Q050=\":443\"; ma=2592000,h3-29=\":443\"; ma=2592000,h3-27=\":443\"; ma=2592000,h3-T051=\":443\"; ma=2592000,h3-T050=\":443\"; ma=2592000,h3-Q046=\":443\"; ma=2592000,h3-Q043=\":443\"; ma=2592000,quic=\":443\"; ma=2592000; v=\"46,43\"","accept-ranges":"none","transfer-encoding":"chunked"}
[debug] [2020-10-06T14:59:59.989Z] >>> HTTP REQUEST GET https://firebase.googleapis.com/v1beta1/projects/seroful  
 
[debug] [2020-10-06T15:00:00.233Z] <<< HTTP RESPONSE 200 {"content-type":"application/json; charset=UTF-8","vary":"X-Origin, Referer, Origin,Accept-Encoding","date":"Tue, 06 Oct 2020 15:00:01 GMT","server":"ESF","cache-control":"private","x-xss-protection":"0","x-frame-options":"SAMEORIGIN","x-content-type-options":"nosniff","alt-svc":"h3-Q050=\":443\"; ma=2592000,h3-29=\":443\"; ma=2592000,h3-27=\":443\"; ma=2592000,h3-T051=\":443\"; ma=2592000,h3-T050=\":443\"; ma=2592000,h3-Q046=\":443\"; ma=2592000,h3-Q043=\":443\"; ma=2592000,quic=\":443\"; ma=2592000; v=\"46,43\"","accept-ranges":"none","transfer-encoding":"chunked"}
[info] 
[info] === Serving from '/home/jdodson/projects/capstone/seroful/seroful-web'...
[info] 
[debug] [2020-10-06T15:00:00.236Z] >>> HTTP REQUEST GET https://firebase.googleapis.com/v1beta1/projects/seroful/webApps/-/config  
 
[warn] ⚠  Your requested "node" version "10" doesn't match your global version "14" {"metadata":{"emulator":{"name":"functions"},"message":"Your requested \"node\" version \"10\" doesn't match your global version \"14\""}}
[debug] [2020-10-06T15:00:00.556Z] <<< HTTP RESPONSE 200 {"content-type":"application/json; charset=UTF-8","vary":"X-Origin, Referer, Origin,Accept-Encoding","date":"Tue, 06 Oct 2020 15:00:01 GMT","server":"ESF","cache-control":"private","x-xss-protection":"0","x-frame-options":"SAMEORIGIN","x-content-type-options":"nosniff","alt-svc":"h3-Q050=\":443\"; ma=2592000,h3-29=\":443\"; ma=2592000,h3-27=\":443\"; ma=2592000,h3-T051=\":443\"; ma=2592000,h3-T050=\":443\"; ma=2592000,h3-Q046=\":443\"; ma=2592000,h3-Q043=\":443\"; ma=2592000,quic=\":443\"; ma=2592000; v=\"46,43\"","accept-ranges":"none","transfer-encoding":"chunked"}
[info] i  functions: Watching "/home/jdodson/projects/capstone/seroful/seroful-web/functions" for Cloud Functions... {"metadata":{"emulator":{"name":"functions"},"message":"Watching \"/home/jdodson/projects/capstone/seroful/seroful-web/functions\" for Cloud Functions..."}}
[debug] [2020-10-06T15:00:00.588Z] [worker-pool] addWorker(~diagnostic~) {"metadata":{"emulator":{"name":"functions"},"message":"[worker-pool] addWorker(~diagnostic~)"}}
[debug] [2020-10-06T15:00:00.588Z] [worker-pool] Adding worker with key ~diagnostic~, total=1 {"metadata":{"emulator":{"name":"functions"},"message":"[worker-pool] Adding worker with key ~diagnostic~, total=1"}}
[debug] [2020-10-06T15:00:00.588Z] [worker-pool] submitWork(triggerId=) {"metadata":{"emulator":{"name":"functions"},"message":"[worker-pool] submitWork(triggerId=)"}}
[debug] [2020-10-06T15:00:00.589Z] [worker-~diagnostic~-c8a93538-c3dc-4f96-9e0c-900445ab8429]: Assigning socketPath: /tmp/fire_emu_6796.sock {"metadata":{"emulator":{"name":"functions"},"message":"[worker-~diagnostic~-c8a93538-c3dc-4f96-9e0c-900445ab8429]: Assigning socketPath: /tmp/fire_emu_6796.sock"}}
[debug] [2020-10-06T15:00:00.589Z] [worker-~diagnostic~-c8a93538-c3dc-4f96-9e0c-900445ab8429]: BUSY {"metadata":{"emulator":{"name":"functions"},"message":"[worker-~diagnostic~-c8a93538-c3dc-4f96-9e0c-900445ab8429]: BUSY"}}
[info] i  hosting: Serving hosting files from: client/build {"metadata":{"emulator":{"name":"hosting"},"message":"Serving hosting files from: \u001b[1mclient/build\u001b[22m"}}
[info] ✔  hosting: Local server: http://localhost:4000 {"metadata":{"emulator":{"name":"hosting"},"message":"Local server: \u001b[4m\u001b[1mhttp://localhost:4000\u001b[22m\u001b[24m"}}
[debug] [2020-10-06T15:00:00.772Z] [runtime-status] [6796] Functions runtime initialized. {"cwd":"/home/jdodson/projects/capstone/seroful/seroful-web/functions","node_version":"14.12.0"} {"metadata":{"emulator":{"name":"functions"},"message":"[runtime-status] [6796] Functions runtime initialized. {\"cwd\":\"/home/jdodson/projects/capstone/seroful/seroful-web/functions\",\"node_version\":\"14.12.0\"}"}}
[debug] [2020-10-06T15:00:00.773Z] [runtime-status] [6796] Disabled runtime features: undefined {"metadata":{"emulator":{"name":"functions"},"message":"[runtime-status] [6796] Disabled runtime features: undefined"}}
[debug] [2020-10-06T15:00:00.774Z] [runtime-status] [6796] Resolved module firebase-admin {"declared":true,"installed":true,"version":"8.13.0","resolution":"/home/jdodson/projects/capstone/seroful/seroful-web/functions/node_modules/firebase-admin/lib/index.js"} {"metadata":{"emulator":{"name":"functions"},"message":"[runtime-status] [6796] Resolved module firebase-admin {\"declared\":true,\"installed\":true,\"version\":\"8.13.0\",\"resolution\":\"/home/jdodson/projects/capstone/seroful/seroful-web/functions/node_modules/firebase-admin/lib/index.js\"}"}}
[debug] [2020-10-06T15:00:00.775Z] [runtime-status] [6796] Resolved module firebase-functions {"declared":true,"installed":true,"version":"3.11.0","resolution":"/home/jdodson/projects/capstone/seroful/seroful-web/functions/node_modules/firebase-functions/lib/index.js"} {"metadata":{"emulator":{"name":"functions"},"message":"[runtime-status] [6796] Resolved module firebase-functions {\"declared\":true,\"installed\":true,\"version\":\"3.11.0\",\"resolution\":\"/home/jdodson/projects/capstone/seroful/seroful-web/functions/node_modules/firebase-functions/lib/index.js\"}"}}
[debug] [2020-10-06T15:00:00.775Z] [runtime-status] [6796] Resolved module firebase-functions {"declared":true,"installed":true,"version":"3.11.0","resolution":"/home/jdodson/projects/capstone/seroful/seroful-web/functions/node_modules/firebase-functions/lib/index.js"} {"metadata":{"emulator":{"name":"functions"},"message":"[runtime-status] [6796] Resolved module firebase-functions {\"declared\":true,\"installed\":true,\"version\":\"3.11.0\",\"resolution\":\"/home/jdodson/projects/capstone/seroful/seroful-web/functions/node_modules/firebase-functions/lib/index.js\"}"}}
[debug] [2020-10-06T15:00:00.776Z] [runtime-status] [6796] Outgoing network have been stubbed. [{"name":"http","status":"mocked"},{"name":"http","status":"mocked"},{"name":"https","status":"mocked"},{"name":"https","status":"mocked"},{"name":"net","status":"mocked"}] {"metadata":{"emulator":{"name":"functions"},"message":"[runtime-status] [6796] Outgoing network have been stubbed. [{\"name\":\"http\",\"status\":\"mocked\"},{\"name\":\"http\",\"status\":\"mocked\"},{\"name\":\"https\",\"status\":\"mocked\"},{\"name\":\"https\",\"status\":\"mocked\"},{\"name\":\"net\",\"status\":\"mocked\"}]"}}
[debug] [2020-10-06T15:00:00.777Z] [runtime-status] [6796] Resolved module firebase-functions {"declared":true,"installed":true,"version":"3.11.0","resolution":"/home/jdodson/projects/capstone/seroful/seroful-web/functions/node_modules/firebase-functions/lib/index.js"} {"metadata":{"emulator":{"name":"functions"},"message":"[runtime-status] [6796] Resolved module firebase-functions {\"declared\":true,\"installed\":true,\"version\":\"3.11.0\",\"resolution\":\"/home/jdodson/projects/capstone/seroful/seroful-web/functions/node_modules/firebase-functions/lib/index.js\"}"}}
[debug] [2020-10-06T15:00:00.800Z] [runtime-status] [6796] Checked functions.config() {"config":{}} {"metadata":{"emulator":{"name":"functions"},"message":"[runtime-status] [6796] Checked functions.config() {\"config\":{}}"}}
[debug] [2020-10-06T15:00:00.801Z] [runtime-status] [6796] firebase-functions has been stubbed. {"functionsResolution":{"declared":true,"installed":true,"version":"3.11.0","resolution":"/home/jdodson/projects/capstone/seroful/seroful-web/functions/node_modules/firebase-functions/lib/index.js"}} {"metadata":{"emulator":{"name":"functions"},"message":"[runtime-status] [6796] firebase-functions has been stubbed. {\"functionsResolution\":{\"declared\":true,\"installed\":true,\"version\":\"3.11.0\",\"resolution\":\"/home/jdodson/projects/capstone/seroful/seroful-web/functions/node_modules/firebase-functions/lib/index.js\"}}"}}
[debug] [2020-10-06T15:00:00.801Z] [runtime-status] [6796] Resolved module firebase-functions {"declared":true,"installed":true,"version":"3.11.0","resolution":"/home/jdodson/projects/capstone/seroful/seroful-web/functions/node_modules/firebase-functions/lib/index.js"} {"metadata":{"emulator":{"name":"functions"},"message":"[runtime-status] [6796] Resolved module firebase-functions {\"declared\":true,\"installed\":true,\"version\":\"3.11.0\",\"resolution\":\"/home/jdodson/projects/capstone/seroful/seroful-web/functions/node_modules/firebase-functions/lib/index.js\"}"}}
[debug] [2020-10-06T15:00:00.801Z] [runtime-status] [6796] Resolved module firebase-admin {"declared":true,"installed":true,"version":"8.13.0","resolution":"/home/jdodson/projects/capstone/seroful/seroful-web/functions/node_modules/firebase-admin/lib/index.js"} {"metadata":{"emulator":{"name":"functions"},"message":"[runtime-status] [6796] Resolved module firebase-admin {\"declared\":true,\"installed\":true,\"version\":\"8.13.0\",\"resolution\":\"/home/jdodson/projects/capstone/seroful/seroful-web/functions/node_modules/firebase-admin/lib/index.js\"}"}}
[debug] [2020-10-06T15:00:00.802Z] [runtime-status] [6796] Resolved module firebase-functions {"declared":true,"installed":true,"version":"3.11.0","resolution":"/home/jdodson/projects/capstone/seroful/seroful-web/functions/node_modules/firebase-functions/lib/index.js"} {"metadata":{"emulator":{"name":"functions"},"message":"[runtime-status] [6796] Resolved module firebase-functions {\"declared\":true,\"installed\":true,\"version\":\"3.11.0\",\"resolution\":\"/home/jdodson/projects/capstone/seroful/seroful-web/functions/node_modules/firebase-functions/lib/index.js\"}"}}
[debug] [2020-10-06T15:00:00.802Z] [runtime-status] [6796] firebase-admin has been stubbed. {"adminResolution":{"declared":true,"installed":true,"version":"8.13.0","resolution":"/home/jdodson/projects/capstone/seroful/seroful-web/functions/node_modules/firebase-admin/lib/index.js"}} {"metadata":{"emulator":{"name":"functions"},"message":"[runtime-status] [6796] firebase-admin has been stubbed. {\"adminResolution\":{\"declared\":true,\"installed\":true,\"version\":\"8.13.0\",\"resolution\":\"/home/jdodson/projects/capstone/seroful/seroful-web/functions/node_modules/firebase-admin/lib/index.js\"}}"}}
[debug] [2020-10-06T15:00:00.802Z] [runtime-status] [6796] initializeApp(DEFAULT) {"credential":{"httpClient":{"retry":{"maxRetries":4,"statusCodes":[503],"ioErrorCodes":["ECONNRESET","ETIMEDOUT"],"backOffFactor":0.5,"maxDelayInMillis":60000}}},"databaseURL":"https://seroful.firebaseio.com"} {"metadata":{"emulator":{"name":"functions"},"message":"[runtime-status] [6796] initializeApp(DEFAULT) {\"credential\":{\"httpClient\":{\"retry\":{\"maxRetries\":4,\"statusCodes\":[503],\"ioErrorCodes\":[\"ECONNRESET\",\"ETIMEDOUT\"],\"backOffFactor\":0.5,\"maxDelayInMillis\":60000}}},\"databaseURL\":\"https://seroful.firebaseio.com\"}"}}
[warn] ⚠  functions: The Cloud Firestore emulator is not running, so calls to Firestore will affect production. {"metadata":{"emulator":{"name":"functions"},"message":"The Cloud Firestore emulator is not running, so calls to Firestore will affect production."}}
[debug] [2020-10-06T15:00:00.955Z] [worker-~diagnostic~-c8a93538-c3dc-4f96-9e0c-900445ab8429]: IDLE {"metadata":{"emulator":{"name":"functions"},"message":"[worker-~diagnostic~-c8a93538-c3dc-4f96-9e0c-900445ab8429]: IDLE"}}
[info] ✔  functions[api]: http function initialized (http://localhost:4001/seroful/us-central1/api). {"metadata":{"emulator":{"name":"functions"},"message":"\u001b[1mhttp\u001b[22m function initialized (http://localhost:4001/seroful/us-central1/api)."}}
